<?xml version="1.0" encoding="UTF-8"?>
<!-- Generated by org.testng.reporters.JUnitXMLReporter -->
<testsuite ignored="0" hostname="DESKTOP-GGO5QL1" failures="0" tests="3" name="Default test" time="36.285" errors="0" timestamp="2025-03-11T19:07:20 IST">
  <testcase classname="Testcasespackages.Logintest" name="testLogin" time="4.218"/>
  <testcase classname="Testcasespackages.Logintest" name="testLogin" time="2.549"/>
  <testcase classname="Testcasespackages.Logintest" name="testLogin" time="3.233"/>
</testsuite> <!-- Default test -->
