<?xml version="1.0" encoding="UTF-8"?>
<!-- Generated by org.testng.reporters.JUnitXMLReporter -->
<testsuite ignored="0" hostname="DESKTOP-GGO5QL1" failures="0" tests="3" name="Default test" time="29.341" errors="0" timestamp="2025-03-07T11:15:14 IST">
  <testcase classname="Testcasespackages.Logintest" name="testLogin" time="1.303"/>
  <testcase classname="Testcasespackages.Logintest" name="testLogin" time="1.209"/>
  <testcase classname="Testcasespackages.Logintest" name="testLogin" time="1.241"/>
</testsuite> <!-- Default test -->
