<?xml version="1.0" encoding="UTF-8"?>
<testng-results ignored="3" total="12" passed="9" failed="0" skipped="0">
  <reporter-output>
  </reporter-output>
  <suite started-at="2025-03-07T12:30:31 IST" name="CrossBrowserSuite" finished-at="2025-03-07T12:32:08 IST" duration-ms="97218">
    <groups>
    </groups>
    <test started-at="2025-03-07T12:30:31 IST" name="ChromeTest" finished-at="2025-03-07T12:31:07 IST" duration-ms="36110">
      <class name="Testcasespackages.Logintest">
        <test-method is-config="true" signature="setup(java.lang.String)[pri:0, instance:Testcasespackages.Logintest@fa4c865]" started-at="2025-03-07T12:30:32 IST" name="setup" finished-at="2025-03-07T12:30:44 IST" duration-ms="11653" status="PASS">
          <params>
            <param index="0">
              <value>
                <![CDATA[chrome]]>
              </value>
            </param>
          </params>
          <reporter-output>
          </reporter-output>
        </test-method> <!-- setup -->
        <test-method signature="testLogin(java.lang.String,java.lang.String)[pri:0, instance:Testcasespackages.Logintest@fa4c865]" started-at="2025-03-07T12:30:44 IST" name="testLogin" data-provider="LoginData" finished-at="2025-03-07T12:30:45 IST" duration-ms="1521" status="PASS">
          <params>
            <param index="0">
              <value>
                <![CDATA[Admin]]>
              </value>
            </param>
            <param index="1">
              <value>
                <![CDATA[admin123]]>
              </value>
            </param>
          </params>
          <reporter-output>
          </reporter-output>
        </test-method> <!-- testLogin -->
        <test-method is-config="true" signature="tearDown()[pri:0, instance:Testcasespackages.Logintest@fa4c865]" started-at="2025-03-07T12:30:45 IST" name="tearDown" finished-at="2025-03-07T12:30:46 IST" duration-ms="665" status="PASS">
          <reporter-output>
          </reporter-output>
        </test-method> <!-- tearDown -->
        <test-method is-config="true" signature="setup(java.lang.String)[pri:0, instance:Testcasespackages.Logintest@fa4c865]" started-at="2025-03-07T12:30:46 IST" name="setup" finished-at="2025-03-07T12:30:52 IST" duration-ms="5815" status="PASS">
          <params>
            <param index="0">
              <value>
                <![CDATA[chrome]]>
              </value>
            </param>
          </params>
          <reporter-output>
          </reporter-output>
        </test-method> <!-- setup -->
        <test-method signature="testLogin(java.lang.String,java.lang.String)[pri:0, instance:Testcasespackages.Logintest@fa4c865]" started-at="2025-03-07T12:30:52 IST" name="testLogin" data-provider="LoginData" finished-at="2025-03-07T12:30:56 IST" duration-ms="4524" status="PASS">
          <params>
            <param index="0">
              <value>
                <![CDATA[aadmin123]]>
              </value>
            </param>
            <param index="1">
              <value>
                <![CDATA[admin123]]>
              </value>
            </param>
          </params>
          <reporter-output>
          </reporter-output>
        </test-method> <!-- testLogin -->
        <test-method is-config="true" signature="tearDown()[pri:0, instance:Testcasespackages.Logintest@fa4c865]" started-at="2025-03-07T12:30:56 IST" name="tearDown" finished-at="2025-03-07T12:30:56 IST" duration-ms="191" status="PASS">
          <reporter-output>
          </reporter-output>
        </test-method> <!-- tearDown -->
        <test-method is-config="true" signature="setup(java.lang.String)[pri:0, instance:Testcasespackages.Logintest@fa4c865]" started-at="2025-03-07T12:30:56 IST" name="setup" finished-at="2025-03-07T12:31:04 IST" duration-ms="7692" status="PASS">
          <params>
            <param index="0">
              <value>
                <![CDATA[chrome]]>
              </value>
            </param>
          </params>
          <reporter-output>
          </reporter-output>
        </test-method> <!-- setup -->
        <test-method signature="testLogin(java.lang.String,java.lang.String)[pri:0, instance:Testcasespackages.Logintest@fa4c865]" started-at="2025-03-07T12:31:04 IST" name="testLogin" data-provider="LoginData" finished-at="2025-03-07T12:31:06 IST" duration-ms="2109" status="PASS">
          <params>
            <param index="0">
              <value>
                <![CDATA[Admin]]>
              </value>
            </param>
            <param index="1">
              <value>
                <![CDATA[Admin123]]>
              </value>
            </param>
          </params>
          <reporter-output>
          </reporter-output>
        </test-method> <!-- testLogin -->
        <test-method is-config="true" signature="tearDown()[pri:0, instance:Testcasespackages.Logintest@fa4c865]" started-at="2025-03-07T12:31:06 IST" name="tearDown" finished-at="2025-03-07T12:31:07 IST" duration-ms="716" status="PASS">
          <reporter-output>
          </reporter-output>
        </test-method> <!-- tearDown -->
      </class> <!-- Testcasespackages.Logintest -->
    </test> <!-- ChromeTest -->
    <test started-at="2025-03-07T12:30:31 IST" name="edgeTest" finished-at="2025-03-07T12:31:18 IST" duration-ms="47592">
      <class name="Testcasespackages.Logintest">
        <test-method is-config="true" signature="setup(java.lang.String)[pri:0, instance:Testcasespackages.Logintest@45b4c3a9]" started-at="2025-03-07T12:30:32 IST" name="setup" finished-at="2025-03-07T12:30:44 IST" duration-ms="12438" status="PASS">
          <params>
            <param index="0">
              <value>
                <![CDATA[edge]]>
              </value>
            </param>
          </params>
          <reporter-output>
          </reporter-output>
        </test-method> <!-- setup -->
        <test-method signature="testLogin(java.lang.String,java.lang.String)[pri:0, instance:Testcasespackages.Logintest@45b4c3a9]" started-at="2025-03-07T12:30:44 IST" name="testLogin" data-provider="LoginData" finished-at="2025-03-07T12:30:47 IST" duration-ms="2685" status="PASS">
          <params>
            <param index="0">
              <value>
                <![CDATA[Admin]]>
              </value>
            </param>
            <param index="1">
              <value>
                <![CDATA[admin123]]>
              </value>
            </param>
          </params>
          <reporter-output>
          </reporter-output>
        </test-method> <!-- testLogin -->
        <test-method is-config="true" signature="tearDown()[pri:0, instance:Testcasespackages.Logintest@45b4c3a9]" started-at="2025-03-07T12:30:47 IST" name="tearDown" finished-at="2025-03-07T12:30:50 IST" duration-ms="2502" status="PASS">
          <reporter-output>
          </reporter-output>
        </test-method> <!-- tearDown -->
        <test-method is-config="true" signature="setup(java.lang.String)[pri:0, instance:Testcasespackages.Logintest@45b4c3a9]" started-at="2025-03-07T12:30:50 IST" name="setup" finished-at="2025-03-07T12:30:59 IST" duration-ms="9447" status="PASS">
          <params>
            <param index="0">
              <value>
                <![CDATA[edge]]>
              </value>
            </param>
          </params>
          <reporter-output>
          </reporter-output>
        </test-method> <!-- setup -->
        <test-method signature="testLogin(java.lang.String,java.lang.String)[pri:0, instance:Testcasespackages.Logintest@45b4c3a9]" started-at="2025-03-07T12:30:59 IST" name="testLogin" data-provider="LoginData" finished-at="2025-03-07T12:31:02 IST" duration-ms="3005" status="PASS">
          <params>
            <param index="0">
              <value>
                <![CDATA[aadmin123]]>
              </value>
            </param>
            <param index="1">
              <value>
                <![CDATA[admin123]]>
              </value>
            </param>
          </params>
          <reporter-output>
          </reporter-output>
        </test-method> <!-- testLogin -->
        <test-method is-config="true" signature="tearDown()[pri:0, instance:Testcasespackages.Logintest@45b4c3a9]" started-at="2025-03-07T12:31:02 IST" name="tearDown" finished-at="2025-03-07T12:31:03 IST" duration-ms="1321" status="PASS">
          <reporter-output>
          </reporter-output>
        </test-method> <!-- tearDown -->
        <test-method is-config="true" signature="setup(java.lang.String)[pri:0, instance:Testcasespackages.Logintest@45b4c3a9]" started-at="2025-03-07T12:31:03 IST" name="setup" finished-at="2025-03-07T12:31:13 IST" duration-ms="9302" status="PASS">
          <params>
            <param index="0">
              <value>
                <![CDATA[edge]]>
              </value>
            </param>
          </params>
          <reporter-output>
          </reporter-output>
        </test-method> <!-- setup -->
        <test-method signature="testLogin(java.lang.String,java.lang.String)[pri:0, instance:Testcasespackages.Logintest@45b4c3a9]" started-at="2025-03-07T12:31:13 IST" name="testLogin" data-provider="LoginData" finished-at="2025-03-07T12:31:16 IST" duration-ms="3729" status="PASS">
          <params>
            <param index="0">
              <value>
                <![CDATA[Admin]]>
              </value>
            </param>
            <param index="1">
              <value>
                <![CDATA[Admin123]]>
              </value>
            </param>
          </params>
          <reporter-output>
          </reporter-output>
        </test-method> <!-- testLogin -->
        <test-method is-config="true" signature="tearDown()[pri:0, instance:Testcasespackages.Logintest@45b4c3a9]" started-at="2025-03-07T12:31:16 IST" name="tearDown" finished-at="2025-03-07T12:31:18 IST" duration-ms="1955" status="PASS">
          <reporter-output>
          </reporter-output>
        </test-method> <!-- tearDown -->
      </class> <!-- Testcasespackages.Logintest -->
    </test> <!-- edgeTest -->
    <test started-at="2025-03-07T12:31:07 IST" name="FirefoxTest" finished-at="2025-03-07T12:32:08 IST" duration-ms="61076">
      <class name="Basepackage.Baseclass">
        <test-method is-config="true" signature="sendReports()[pri:0, instance:Basepackage.Baseclass@8c3b9d]" started-at="2025-03-07T12:32:08 IST" name="sendReports" finished-at="2025-03-07T12:32:10 IST" duration-ms="2235" status="PASS">
          <reporter-output>
          </reporter-output>
        </test-method> <!-- sendReports -->
      </class> <!-- Basepackage.Baseclass -->
      <class name="Testcasespackages.Logintest">
        <test-method is-config="true" signature="setup(java.lang.String)[pri:0, instance:Testcasespackages.Logintest@4c39bec8]" started-at="2025-03-07T12:31:07 IST" name="setup" finished-at="2025-03-07T12:31:22 IST" duration-ms="15380" status="PASS">
          <params>
            <param index="0">
              <value>
                <![CDATA[firefox]]>
              </value>
            </param>
          </params>
          <reporter-output>
          </reporter-output>
        </test-method> <!-- setup -->
        <test-method signature="testLogin(java.lang.String,java.lang.String)[pri:0, instance:Testcasespackages.Logintest@4c39bec8]" started-at="2025-03-07T12:31:22 IST" name="testLogin" data-provider="LoginData" finished-at="2025-03-07T12:31:25 IST" duration-ms="2640" status="PASS">
          <params>
            <param index="0">
              <value>
                <![CDATA[Admin]]>
              </value>
            </param>
            <param index="1">
              <value>
                <![CDATA[admin123]]>
              </value>
            </param>
          </params>
          <reporter-output>
          </reporter-output>
        </test-method> <!-- testLogin -->
        <test-method is-config="true" signature="tearDown()[pri:0, instance:Testcasespackages.Logintest@4c39bec8]" started-at="2025-03-07T12:31:25 IST" name="tearDown" finished-at="2025-03-07T12:31:28 IST" duration-ms="2665" status="PASS">
          <reporter-output>
          </reporter-output>
        </test-method> <!-- tearDown -->
        <test-method is-config="true" signature="setup(java.lang.String)[pri:0, instance:Testcasespackages.Logintest@4c39bec8]" started-at="2025-03-07T12:31:28 IST" name="setup" finished-at="2025-03-07T12:31:43 IST" duration-ms="15033" status="PASS">
          <params>
            <param index="0">
              <value>
                <![CDATA[firefox]]>
              </value>
            </param>
          </params>
          <reporter-output>
          </reporter-output>
        </test-method> <!-- setup -->
        <test-method signature="testLogin(java.lang.String,java.lang.String)[pri:0, instance:Testcasespackages.Logintest@4c39bec8]" started-at="2025-03-07T12:31:43 IST" name="testLogin" data-provider="LoginData" finished-at="2025-03-07T12:31:48 IST" duration-ms="4831" status="PASS">
          <params>
            <param index="0">
              <value>
                <![CDATA[aadmin123]]>
              </value>
            </param>
            <param index="1">
              <value>
                <![CDATA[admin123]]>
              </value>
            </param>
          </params>
          <reporter-output>
          </reporter-output>
        </test-method> <!-- testLogin -->
        <test-method is-config="true" signature="tearDown()[pri:0, instance:Testcasespackages.Logintest@4c39bec8]" started-at="2025-03-07T12:31:48 IST" name="tearDown" finished-at="2025-03-07T12:31:50 IST" duration-ms="2230" status="PASS">
          <reporter-output>
          </reporter-output>
        </test-method> <!-- tearDown -->
        <test-method is-config="true" signature="setup(java.lang.String)[pri:0, instance:Testcasespackages.Logintest@4c39bec8]" started-at="2025-03-07T12:31:50 IST" name="setup" finished-at="2025-03-07T12:32:01 IST" duration-ms="11537" status="PASS">
          <params>
            <param index="0">
              <value>
                <![CDATA[firefox]]>
              </value>
            </param>
          </params>
          <reporter-output>
          </reporter-output>
        </test-method> <!-- setup -->
        <test-method signature="testLogin(java.lang.String,java.lang.String)[pri:0, instance:Testcasespackages.Logintest@4c39bec8]" started-at="2025-03-07T12:32:01 IST" name="testLogin" data-provider="LoginData" finished-at="2025-03-07T12:32:06 IST" duration-ms="4243" status="PASS">
          <params>
            <param index="0">
              <value>
                <![CDATA[Admin]]>
              </value>
            </param>
            <param index="1">
              <value>
                <![CDATA[Admin123]]>
              </value>
            </param>
          </params>
          <reporter-output>
          </reporter-output>
        </test-method> <!-- testLogin -->
        <test-method is-config="true" signature="tearDown()[pri:0, instance:Testcasespackages.Logintest@4c39bec8]" started-at="2025-03-07T12:32:06 IST" name="tearDown" finished-at="2025-03-07T12:32:08 IST" duration-ms="2404" status="PASS">
          <reporter-output>
          </reporter-output>
        </test-method> <!-- tearDown -->
      </class> <!-- Testcasespackages.Logintest -->
    </test> <!-- FirefoxTest -->
  </suite> <!-- CrossBrowserSuite -->
</testng-results>
