<?xml version="1.0" encoding="UTF-8"?>
<testng-results ignored="0" total="9" passed="9" failed="0" skipped="0">
  <reporter-output>
  </reporter-output>
  <suite started-at="2025-03-11T19:07:52 IST" name="CrossBrowserSuite" finished-at="2025-03-11T19:09:51 IST" duration-ms="118747">
    <groups>
    </groups>
    <test started-at="2025-03-11T19:07:52 IST" name="ChromeTest" finished-at="2025-03-11T19:08:30 IST" duration-ms="37803">
      <class name="Testcasespackages.Logintest">
        <test-method is-config="true" signature="setup(java.lang.String)[pri:0, instance:Testcasespackages.Logintest@3d285d7e]" started-at="2025-03-11T19:07:53 IST" name="setup" finished-at="2025-03-11T19:08:02 IST" duration-ms="8693" status="PASS">
          <params>
            <param index="0">
              <value>
                <![CDATA[chrome]]>
              </value>
            </param>
          </params>
          <reporter-output>
          </reporter-output>
        </test-method> <!-- setup -->
        <test-method signature="testLogin(java.lang.String,java.lang.String,java.lang.String,java.lang.String)[pri:0, instance:Testcasespackages.Logintest@3d285d7e]" started-at="2025-03-11T19:08:02 IST" name="testLogin" data-provider="LoginData" finished-at="2025-03-11T19:08:05 IST" duration-ms="3536" status="PASS">
          <params>
            <param index="0">
              <value>
                <![CDATA[Admin]]>
              </value>
            </param>
            <param index="1">
              <value>
                <![CDATA[admin123]]>
              </value>
            </param>
            <param index="2">
              <value>
                <![CDATA[ ]]>
              </value>
            </param>
            <param index="3">
              <value>
                <![CDATA[Yes]]>
              </value>
            </param>
          </params>
          <reporter-output>
          </reporter-output>
        </test-method> <!-- testLogin -->
        <test-method is-config="true" signature="tearDown()[pri:0, instance:Testcasespackages.Logintest@3d285d7e]" started-at="2025-03-11T19:08:05 IST" name="tearDown" finished-at="2025-03-11T19:08:06 IST" duration-ms="213" status="PASS">
          <reporter-output>
          </reporter-output>
        </test-method> <!-- tearDown -->
        <test-method is-config="true" signature="setup(java.lang.String)[pri:0, instance:Testcasespackages.Logintest@3d285d7e]" started-at="2025-03-11T19:08:06 IST" name="setup" finished-at="2025-03-11T19:08:14 IST" duration-ms="8074" status="PASS">
          <params>
            <param index="0">
              <value>
                <![CDATA[chrome]]>
              </value>
            </param>
          </params>
          <reporter-output>
          </reporter-output>
        </test-method> <!-- setup -->
        <test-method signature="testLogin(java.lang.String,java.lang.String,java.lang.String,java.lang.String)[pri:0, instance:Testcasespackages.Logintest@3d285d7e]" started-at="2025-03-11T19:08:14 IST" name="testLogin" data-provider="LoginData" finished-at="2025-03-11T19:08:17 IST" duration-ms="2906" status="PASS">
          <params>
            <param index="0">
              <value>
                <![CDATA[aadmin123]]>
              </value>
            </param>
            <param index="1">
              <value>
                <![CDATA[admin123]]>
              </value>
            </param>
            <param index="2">
              <value>
                <![CDATA[Invalid credentials]]>
              </value>
            </param>
            <param index="3">
              <value>
                <![CDATA[No]]>
              </value>
            </param>
          </params>
          <reporter-output>
          </reporter-output>
        </test-method> <!-- testLogin -->
        <test-method is-config="true" signature="tearDown()[pri:0, instance:Testcasespackages.Logintest@3d285d7e]" started-at="2025-03-11T19:08:17 IST" name="tearDown" finished-at="2025-03-11T19:08:17 IST" duration-ms="407" status="PASS">
          <reporter-output>
          </reporter-output>
        </test-method> <!-- tearDown -->
        <test-method is-config="true" signature="setup(java.lang.String)[pri:0, instance:Testcasespackages.Logintest@3d285d7e]" started-at="2025-03-11T19:08:17 IST" name="setup" finished-at="2025-03-11T19:08:22 IST" duration-ms="4586" status="PASS">
          <params>
            <param index="0">
              <value>
                <![CDATA[chrome]]>
              </value>
            </param>
          </params>
          <reporter-output>
          </reporter-output>
        </test-method> <!-- setup -->
        <test-method signature="testLogin(java.lang.String,java.lang.String,java.lang.String,java.lang.String)[pri:0, instance:Testcasespackages.Logintest@3d285d7e]" started-at="2025-03-11T19:08:22 IST" name="testLogin" data-provider="LoginData" finished-at="2025-03-11T19:08:30 IST" duration-ms="7969" status="PASS">
          <params>
            <param index="0">
              <value>
                <![CDATA[Admin]]>
              </value>
            </param>
            <param index="1">
              <value>
                <![CDATA[Admin123]]>
              </value>
            </param>
            <param index="2">
              <value>
                <![CDATA[Invalid credentials]]>
              </value>
            </param>
            <param index="3">
              <value>
                <![CDATA[No]]>
              </value>
            </param>
          </params>
          <reporter-output>
          </reporter-output>
        </test-method> <!-- testLogin -->
        <test-method is-config="true" signature="tearDown()[pri:0, instance:Testcasespackages.Logintest@3d285d7e]" started-at="2025-03-11T19:08:30 IST" name="tearDown" finished-at="2025-03-11T19:08:30 IST" duration-ms="200" status="PASS">
          <reporter-output>
          </reporter-output>
        </test-method> <!-- tearDown -->
      </class> <!-- Testcasespackages.Logintest -->
    </test> <!-- ChromeTest -->
    <test started-at="2025-03-11T19:07:52 IST" name="edgeTest" finished-at="2025-03-11T19:08:50 IST" duration-ms="58521">
      <class name="Testcasespackages.Logintest">
        <test-method is-config="true" signature="setup(java.lang.String)[pri:0, instance:Testcasespackages.Logintest@43c1b556]" started-at="2025-03-11T19:07:53 IST" name="setup" finished-at="2025-03-11T19:08:15 IST" duration-ms="22061" status="PASS">
          <params>
            <param index="0">
              <value>
                <![CDATA[edge]]>
              </value>
            </param>
          </params>
          <reporter-output>
          </reporter-output>
        </test-method> <!-- setup -->
        <test-method signature="testLogin(java.lang.String,java.lang.String,java.lang.String,java.lang.String)[pri:0, instance:Testcasespackages.Logintest@43c1b556]" started-at="2025-03-11T19:08:15 IST" name="testLogin" data-provider="LoginData" finished-at="2025-03-11T19:08:20 IST" duration-ms="4452" status="PASS">
          <params>
            <param index="0">
              <value>
                <![CDATA[Admin]]>
              </value>
            </param>
            <param index="1">
              <value>
                <![CDATA[admin123]]>
              </value>
            </param>
            <param index="2">
              <value>
                <![CDATA[ ]]>
              </value>
            </param>
            <param index="3">
              <value>
                <![CDATA[Yes]]>
              </value>
            </param>
          </params>
          <reporter-output>
          </reporter-output>
        </test-method> <!-- testLogin -->
        <test-method is-config="true" signature="tearDown()[pri:0, instance:Testcasespackages.Logintest@43c1b556]" started-at="2025-03-11T19:08:20 IST" name="tearDown" finished-at="2025-03-11T19:08:21 IST" duration-ms="1720" status="PASS">
          <reporter-output>
          </reporter-output>
        </test-method> <!-- tearDown -->
        <test-method is-config="true" signature="setup(java.lang.String)[pri:0, instance:Testcasespackages.Logintest@43c1b556]" started-at="2025-03-11T19:08:21 IST" name="setup" finished-at="2025-03-11T19:08:29 IST" duration-ms="7892" status="PASS">
          <params>
            <param index="0">
              <value>
                <![CDATA[edge]]>
              </value>
            </param>
          </params>
          <reporter-output>
          </reporter-output>
        </test-method> <!-- setup -->
        <test-method signature="testLogin(java.lang.String,java.lang.String,java.lang.String,java.lang.String)[pri:0, instance:Testcasespackages.Logintest@43c1b556]" started-at="2025-03-11T19:08:29 IST" name="testLogin" data-provider="LoginData" finished-at="2025-03-11T19:08:32 IST" duration-ms="2825" status="PASS">
          <params>
            <param index="0">
              <value>
                <![CDATA[aadmin123]]>
              </value>
            </param>
            <param index="1">
              <value>
                <![CDATA[admin123]]>
              </value>
            </param>
            <param index="2">
              <value>
                <![CDATA[Invalid credentials]]>
              </value>
            </param>
            <param index="3">
              <value>
                <![CDATA[No]]>
              </value>
            </param>
          </params>
          <reporter-output>
          </reporter-output>
        </test-method> <!-- testLogin -->
        <test-method is-config="true" signature="tearDown()[pri:0, instance:Testcasespackages.Logintest@43c1b556]" started-at="2025-03-11T19:08:32 IST" name="tearDown" finished-at="2025-03-11T19:08:35 IST" duration-ms="3286" status="PASS">
          <reporter-output>
          </reporter-output>
        </test-method> <!-- tearDown -->
        <test-method is-config="true" signature="setup(java.lang.String)[pri:0, instance:Testcasespackages.Logintest@43c1b556]" started-at="2025-03-11T19:08:35 IST" name="setup" finished-at="2025-03-11T19:08:45 IST" duration-ms="9146" status="PASS">
          <params>
            <param index="0">
              <value>
                <![CDATA[edge]]>
              </value>
            </param>
          </params>
          <reporter-output>
          </reporter-output>
        </test-method> <!-- setup -->
        <test-method signature="testLogin(java.lang.String,java.lang.String,java.lang.String,java.lang.String)[pri:0, instance:Testcasespackages.Logintest@43c1b556]" started-at="2025-03-11T19:08:45 IST" name="testLogin" data-provider="LoginData" finished-at="2025-03-11T19:08:49 IST" duration-ms="4208" status="PASS">
          <params>
            <param index="0">
              <value>
                <![CDATA[Admin]]>
              </value>
            </param>
            <param index="1">
              <value>
                <![CDATA[Admin123]]>
              </value>
            </param>
            <param index="2">
              <value>
                <![CDATA[Invalid credentials]]>
              </value>
            </param>
            <param index="3">
              <value>
                <![CDATA[No]]>
              </value>
            </param>
          </params>
          <reporter-output>
          </reporter-output>
        </test-method> <!-- testLogin -->
        <test-method is-config="true" signature="tearDown()[pri:0, instance:Testcasespackages.Logintest@43c1b556]" started-at="2025-03-11T19:08:49 IST" name="tearDown" finished-at="2025-03-11T19:08:50 IST" duration-ms="1725" status="PASS">
          <reporter-output>
          </reporter-output>
        </test-method> <!-- tearDown -->
      </class> <!-- Testcasespackages.Logintest -->
    </test> <!-- edgeTest -->
    <test started-at="2025-03-11T19:08:30 IST" name="FirefoxTest" finished-at="2025-03-11T19:09:51 IST" duration-ms="80899">
      <class name="Testcasespackages.Logintest">
        <test-method is-config="true" signature="setup(java.lang.String)[pri:0, instance:Testcasespackages.Logintest@c0c2f8d]" started-at="2025-03-11T19:08:30 IST" name="setup" finished-at="2025-03-11T19:09:03 IST" duration-ms="32785" status="PASS">
          <params>
            <param index="0">
              <value>
                <![CDATA[firefox]]>
              </value>
            </param>
          </params>
          <reporter-output>
          </reporter-output>
        </test-method> <!-- setup -->
        <test-method signature="testLogin(java.lang.String,java.lang.String,java.lang.String,java.lang.String)[pri:0, instance:Testcasespackages.Logintest@c0c2f8d]" started-at="2025-03-11T19:09:03 IST" name="testLogin" data-provider="LoginData" finished-at="2025-03-11T19:09:08 IST" duration-ms="5559" status="PASS">
          <params>
            <param index="0">
              <value>
                <![CDATA[Admin]]>
              </value>
            </param>
            <param index="1">
              <value>
                <![CDATA[admin123]]>
              </value>
            </param>
            <param index="2">
              <value>
                <![CDATA[ ]]>
              </value>
            </param>
            <param index="3">
              <value>
                <![CDATA[Yes]]>
              </value>
            </param>
          </params>
          <reporter-output>
          </reporter-output>
        </test-method> <!-- testLogin -->
        <test-method is-config="true" signature="tearDown()[pri:0, instance:Testcasespackages.Logintest@c0c2f8d]" started-at="2025-03-11T19:09:08 IST" name="tearDown" finished-at="2025-03-11T19:09:10 IST" duration-ms="2258" status="PASS">
          <reporter-output>
          </reporter-output>
        </test-method> <!-- tearDown -->
        <test-method is-config="true" signature="setup(java.lang.String)[pri:0, instance:Testcasespackages.Logintest@c0c2f8d]" started-at="2025-03-11T19:09:10 IST" name="setup" finished-at="2025-03-11T19:09:23 IST" duration-ms="12152" status="PASS">
          <params>
            <param index="0">
              <value>
                <![CDATA[firefox]]>
              </value>
            </param>
          </params>
          <reporter-output>
          </reporter-output>
        </test-method> <!-- setup -->
        <test-method signature="testLogin(java.lang.String,java.lang.String,java.lang.String,java.lang.String)[pri:0, instance:Testcasespackages.Logintest@c0c2f8d]" started-at="2025-03-11T19:09:23 IST" name="testLogin" data-provider="LoginData" finished-at="2025-03-11T19:09:26 IST" duration-ms="3490" status="PASS">
          <params>
            <param index="0">
              <value>
                <![CDATA[aadmin123]]>
              </value>
            </param>
            <param index="1">
              <value>
                <![CDATA[admin123]]>
              </value>
            </param>
            <param index="2">
              <value>
                <![CDATA[Invalid credentials]]>
              </value>
            </param>
            <param index="3">
              <value>
                <![CDATA[No]]>
              </value>
            </param>
          </params>
          <reporter-output>
          </reporter-output>
        </test-method> <!-- testLogin -->
        <test-method is-config="true" signature="tearDown()[pri:0, instance:Testcasespackages.Logintest@c0c2f8d]" started-at="2025-03-11T19:09:26 IST" name="tearDown" finished-at="2025-03-11T19:09:29 IST" duration-ms="2540" status="PASS">
          <reporter-output>
          </reporter-output>
        </test-method> <!-- tearDown -->
        <test-method is-config="true" signature="setup(java.lang.String)[pri:0, instance:Testcasespackages.Logintest@c0c2f8d]" started-at="2025-03-11T19:09:29 IST" name="setup" finished-at="2025-03-11T19:09:44 IST" duration-ms="15564" status="PASS">
          <params>
            <param index="0">
              <value>
                <![CDATA[firefox]]>
              </value>
            </param>
          </params>
          <reporter-output>
          </reporter-output>
        </test-method> <!-- setup -->
        <test-method signature="testLogin(java.lang.String,java.lang.String,java.lang.String,java.lang.String)[pri:0, instance:Testcasespackages.Logintest@c0c2f8d]" started-at="2025-03-11T19:09:44 IST" name="testLogin" data-provider="LoginData" finished-at="2025-03-11T19:09:49 IST" duration-ms="4368" status="PASS">
          <params>
            <param index="0">
              <value>
                <![CDATA[Admin]]>
              </value>
            </param>
            <param index="1">
              <value>
                <![CDATA[Admin123]]>
              </value>
            </param>
            <param index="2">
              <value>
                <![CDATA[Invalid credentials]]>
              </value>
            </param>
            <param index="3">
              <value>
                <![CDATA[No]]>
              </value>
            </param>
          </params>
          <reporter-output>
          </reporter-output>
        </test-method> <!-- testLogin -->
        <test-method is-config="true" signature="tearDown()[pri:0, instance:Testcasespackages.Logintest@c0c2f8d]" started-at="2025-03-11T19:09:49 IST" name="tearDown" finished-at="2025-03-11T19:09:51 IST" duration-ms="2122" status="PASS">
          <reporter-output>
          </reporter-output>
        </test-method> <!-- tearDown -->
      </class> <!-- Testcasespackages.Logintest -->
    </test> <!-- FirefoxTest -->
  </suite> <!-- CrossBrowserSuite -->
</testng-results>
