<?xml version="1.0" encoding="UTF-8"?>
<testng-results ignored="0" total="3" passed="3" failed="0" skipped="0">
  <reporter-output>
  </reporter-output>
  <suite started-at="2025-02-27T09:52:12 IST" name="CrossBrowserSuite" finished-at="2025-02-27T09:52:44 IST" duration-ms="31939">
    <groups>
    </groups>
    <test started-at="2025-02-27T09:52:12 IST" name="ChromeTest" finished-at="2025-02-27T09:52:25 IST" duration-ms="12642">
      <class name="Testcasespackages.Logintest">
        <test-method is-config="true" signature="setup(java.lang.String)[pri:0, instance:Testcasespackages.Logintest@7dcf94f8]" started-at="2025-02-27T09:52:12 IST" name="setup" finished-at="2025-02-27T09:52:22 IST" duration-ms="9974" status="PASS">
          <params>
            <param index="0">
              <value>
                <![CDATA[chrome]]>
              </value>
            </param>
          </params>
          <reporter-output>
          </reporter-output>
        </test-method> <!-- setup -->
        <test-method signature="testLogin(java.lang.String,java.lang.String)[pri:0, instance:Testcasespackages.Logintest@7dcf94f8]" started-at="2025-02-27T09:52:22 IST" name="testLogin" finished-at="2025-02-27T09:52:25 IST" duration-ms="2384" status="PASS">
          <params>
            <param index="0">
              <value>
                <![CDATA[Admin]]>
              </value>
            </param>
            <param index="1">
              <value>
                <![CDATA[admin123]]>
              </value>
            </param>
          </params>
          <reporter-output>
          </reporter-output>
        </test-method> <!-- testLogin -->
        <test-method is-config="true" signature="tearDown()[pri:0, instance:Testcasespackages.Logintest@7dcf94f8]" started-at="2025-02-27T09:52:25 IST" name="tearDown" finished-at="2025-02-27T09:52:25 IST" duration-ms="201" status="PASS">
          <reporter-output>
          </reporter-output>
        </test-method> <!-- tearDown -->
      </class> <!-- Testcasespackages.Logintest -->
    </test> <!-- ChromeTest -->
    <test started-at="2025-02-27T09:52:12 IST" name="edgeTest" finished-at="2025-02-27T09:52:31 IST" duration-ms="18632">
      <class name="Testcasespackages.Logintest">
        <test-method is-config="true" signature="setup(java.lang.String)[pri:0, instance:Testcasespackages.Logintest@1ff4931d]" started-at="2025-02-27T09:52:12 IST" name="setup" finished-at="2025-02-27T09:52:26 IST" duration-ms="13649" status="PASS">
          <params>
            <param index="0">
              <value>
                <![CDATA[edge]]>
              </value>
            </param>
          </params>
          <reporter-output>
          </reporter-output>
        </test-method> <!-- setup -->
        <test-method signature="testLogin(java.lang.String,java.lang.String)[pri:0, instance:Testcasespackages.Logintest@1ff4931d]" started-at="2025-02-27T09:52:26 IST" name="testLogin" finished-at="2025-02-27T09:52:30 IST" duration-ms="3565" status="PASS">
          <params>
            <param index="0">
              <value>
                <![CDATA[Admin]]>
              </value>
            </param>
            <param index="1">
              <value>
                <![CDATA[admin123]]>
              </value>
            </param>
          </params>
          <reporter-output>
          </reporter-output>
        </test-method> <!-- testLogin -->
        <test-method is-config="true" signature="tearDown()[pri:0, instance:Testcasespackages.Logintest@1ff4931d]" started-at="2025-02-27T09:52:30 IST" name="tearDown" finished-at="2025-02-27T09:52:31 IST" duration-ms="1353" status="PASS">
          <reporter-output>
          </reporter-output>
        </test-method> <!-- tearDown -->
      </class> <!-- Testcasespackages.Logintest -->
    </test> <!-- edgeTest -->
    <test started-at="2025-02-27T09:52:25 IST" name="FirefoxTest" finished-at="2025-02-27T09:52:44 IST" duration-ms="19202">
      <class name="Testcasespackages.Logintest">
        <test-method is-config="true" signature="setup(java.lang.String)[pri:0, instance:Testcasespackages.Logintest@8297b3a]" started-at="2025-02-27T09:52:25 IST" name="setup" finished-at="2025-02-27T09:52:39 IST" duration-ms="13555" status="PASS">
          <params>
            <param index="0">
              <value>
                <![CDATA[firefox]]>
              </value>
            </param>
          </params>
          <reporter-output>
          </reporter-output>
        </test-method> <!-- setup -->
        <test-method signature="testLogin(java.lang.String,java.lang.String)[pri:0, instance:Testcasespackages.Logintest@8297b3a]" started-at="2025-02-27T09:52:39 IST" name="testLogin" finished-at="2025-02-27T09:52:42 IST" duration-ms="3093" status="PASS">
          <params>
            <param index="0">
              <value>
                <![CDATA[Admin]]>
              </value>
            </param>
            <param index="1">
              <value>
                <![CDATA[admin123]]>
              </value>
            </param>
          </params>
          <reporter-output>
          </reporter-output>
        </test-method> <!-- testLogin -->
        <test-method is-config="true" signature="tearDown()[pri:0, instance:Testcasespackages.Logintest@8297b3a]" started-at="2025-02-27T09:52:42 IST" name="tearDown" finished-at="2025-02-27T09:52:44 IST" duration-ms="2538" status="PASS">
          <reporter-output>
          </reporter-output>
        </test-method> <!-- tearDown -->
      </class> <!-- Testcasespackages.Logintest -->
    </test> <!-- FirefoxTest -->
  </suite> <!-- CrossBrowserSuite -->
</testng-results>
