<?xml version="1.0" encoding="UTF-8"?>
<testng-results ignored="0" total="3" passed="3" failed="0" skipped="0">
  <reporter-output>
  </reporter-output>
  <suite started-at="2025-02-26T18:38:27 IST" name="CrossBrowserSuite" finished-at="2025-02-26T18:38:57 IST" duration-ms="30269">
    <groups>
    </groups>
    <test started-at="2025-02-26T18:38:27 IST" name="ChromeTest" finished-at="2025-02-26T18:38:37 IST" duration-ms="10400">
      <class name="Testcasespackages.Logintest">
        <test-method is-config="true" signature="setup(java.lang.String)[pri:0, instance:Testcasespackages.Logintest@7dcf94f8]" started-at="2025-02-26T18:38:27 IST" name="setup" finished-at="2025-02-26T18:38:35 IST" duration-ms="7999" status="PASS">
          <params>
            <param index="0">
              <value>
                <![CDATA[chrome]]>
              </value>
            </param>
          </params>
          <reporter-output>
          </reporter-output>
        </test-method> <!-- setup -->
        <test-method signature="testLogin(java.lang.String,java.lang.String)[pri:0, instance:Testcasespackages.Logintest@7dcf94f8]" started-at="2025-02-26T18:38:35 IST" name="testLogin" finished-at="2025-02-26T18:38:37 IST" duration-ms="1827" status="PASS">
          <params>
            <param index="0">
              <value>
                <![CDATA[Admin]]>
              </value>
            </param>
            <param index="1">
              <value>
                <![CDATA[admin123]]>
              </value>
            </param>
          </params>
          <reporter-output>
          </reporter-output>
        </test-method> <!-- testLogin -->
        <test-method is-config="true" signature="tearDown()[pri:0, instance:Testcasespackages.Logintest@7dcf94f8]" started-at="2025-02-26T18:38:37 IST" name="tearDown" finished-at="2025-02-26T18:38:37 IST" duration-ms="497" status="PASS">
          <reporter-output>
          </reporter-output>
        </test-method> <!-- tearDown -->
      </class> <!-- Testcasespackages.Logintest -->
    </test> <!-- ChromeTest -->
    <test started-at="2025-02-26T18:38:27 IST" name="edgeTest" finished-at="2025-02-26T18:38:50 IST" duration-ms="23189">
      <class name="Testcasespackages.Logintest">
        <test-method is-config="true" signature="setup(java.lang.String)[pri:0, instance:Testcasespackages.Logintest@1ff4931d]" started-at="2025-02-26T18:38:27 IST" name="setup" finished-at="2025-02-26T18:38:40 IST" duration-ms="13561" status="PASS">
          <params>
            <param index="0">
              <value>
                <![CDATA[edge]]>
              </value>
            </param>
          </params>
          <reporter-output>
          </reporter-output>
        </test-method> <!-- setup -->
        <test-method signature="testLogin(java.lang.String,java.lang.String)[pri:0, instance:Testcasespackages.Logintest@1ff4931d]" started-at="2025-02-26T18:38:40 IST" name="testLogin" finished-at="2025-02-26T18:38:48 IST" duration-ms="8019" status="PASS">
          <params>
            <param index="0">
              <value>
                <![CDATA[Admin]]>
              </value>
            </param>
            <param index="1">
              <value>
                <![CDATA[admin123]]>
              </value>
            </param>
          </params>
          <reporter-output>
          </reporter-output>
        </test-method> <!-- testLogin -->
        <test-method is-config="true" signature="tearDown()[pri:0, instance:Testcasespackages.Logintest@1ff4931d]" started-at="2025-02-26T18:38:48 IST" name="tearDown" finished-at="2025-02-26T18:38:50 IST" duration-ms="1546" status="PASS">
          <reporter-output>
          </reporter-output>
        </test-method> <!-- tearDown -->
      </class> <!-- Testcasespackages.Logintest -->
    </test> <!-- edgeTest -->
    <test started-at="2025-02-26T18:38:37 IST" name="FirefoxTest" finished-at="2025-02-26T18:38:57 IST" duration-ms="19732">
      <class name="Testcasespackages.Logintest">
        <test-method is-config="true" signature="setup(java.lang.String)[pri:0, instance:Testcasespackages.Logintest@8297b3a]" started-at="2025-02-26T18:38:37 IST" name="setup" finished-at="2025-02-26T18:38:52 IST" duration-ms="14880" status="PASS">
          <params>
            <param index="0">
              <value>
                <![CDATA[firefox]]>
              </value>
            </param>
          </params>
          <reporter-output>
          </reporter-output>
        </test-method> <!-- setup -->
        <test-method signature="testLogin(java.lang.String,java.lang.String)[pri:0, instance:Testcasespackages.Logintest@8297b3a]" started-at="2025-02-26T18:38:52 IST" name="testLogin" finished-at="2025-02-26T18:38:55 IST" duration-ms="2569" status="PASS">
          <params>
            <param index="0">
              <value>
                <![CDATA[Admin]]>
              </value>
            </param>
            <param index="1">
              <value>
                <![CDATA[admin123]]>
              </value>
            </param>
          </params>
          <reporter-output>
          </reporter-output>
        </test-method> <!-- testLogin -->
        <test-method is-config="true" signature="tearDown()[pri:0, instance:Testcasespackages.Logintest@8297b3a]" started-at="2025-02-26T18:38:55 IST" name="tearDown" finished-at="2025-02-26T18:38:57 IST" duration-ms="2274" status="PASS">
          <reporter-output>
          </reporter-output>
        </test-method> <!-- tearDown -->
      </class> <!-- Testcasespackages.Logintest -->
    </test> <!-- FirefoxTest -->
  </suite> <!-- CrossBrowserSuite -->
</testng-results>
