<?xml version="1.0" encoding="UTF-8"?>
<!-- Generated by org.testng.reporters.JUnitXMLReporter -->
<testsuite ignored="0" hostname="DESKTOP-GGO5QL1" failures="0" tests="3" name="ChromeTest" time="37.803" errors="0" timestamp="2025-03-11T19:08:30 IST">
  <testcase classname="Testcasespackages.Logintest" name="testLogin" time="3.536"/>
  <testcase classname="Testcasespackages.Logintest" name="testLogin" time="2.906"/>
  <testcase classname="Testcasespackages.Logintest" name="testLogin" time="7.969"/>
</testsuite> <!-- ChromeTest -->
