<?xml version="1.0" encoding="UTF-8"?>
<!-- Generated by org.testng.reporters.JUnitXMLReporter -->
<testsuite ignored="0" hostname="DESKTOP-GGO5QL1" failures="0" tests="3" name="ChromeTest" time="42.904" errors="0" timestamp="2025-03-09T13:01:18 IST">
  <testcase classname="Testcasespackages.Logintest" name="testLogin" time="1.6"/>
  <testcase classname="Testcasespackages.Logintest" name="testLogin" time="2.497"/>
  <testcase classname="Testcasespackages.Logintest" name="testLogin" time="7.254"/>
</testsuite> <!-- ChromeTest -->
