<?xml version="1.0" encoding="UTF-8"?>
<!-- Generated by org.testng.reporters.JUnitXMLReporter -->
<testsuite ignored="0" hostname="DESKTOP-GGO5QL1" failures="0" tests="3" name="edgeTest" time="70.885" errors="0" timestamp="2025-03-09T13:01:46 IST">
  <testcase classname="Testcasespackages.Logintest" name="testLogin" time="2.634"/>
  <testcase classname="Testcasespackages.Logintest" name="testLogin" time="1.96"/>
  <testcase classname="Testcasespackages.Logintest" name="testLogin" time="1.992"/>
</testsuite> <!-- edgeTest -->
