<?xml version="1.0" encoding="UTF-8"?>
<!-- Generated by org.testng.reporters.JUnitXMLReporter -->
<testsuite ignored="1" hostname="DESKTOP-GGO5QL1" failures="0" tests="3" name="edgeTest" time="47.592" errors="0" timestamp="2025-03-07T12:31:18 IST">
  <testcase classname="Testcasespackages.Logintest" name="testLogin" time="2.685"/>
  <testcase classname="Testcasespackages.Logintest" name="testLogin" time="3.005"/>
  <testcase classname="Testcasespackages.Logintest" name="testLogin" time="3.729"/>
  <testcase classname="Basepackage.Baseclass" name="@AfterSuite sendReports" time="0.0">
    <ignored/>
  </testcase> <!-- @AfterSuite sendReports -->
</testsuite> <!-- edgeTest -->
