<?xml version="1.0" encoding="UTF-8"?>
<!-- Generated by org.testng.reporters.JUnitXMLReporter -->
<testsuite ignored="0" hostname="DESKTOP-GGO5QL1" failures="0" tests="3" name="FirefoxTest" time="80.899" errors="0" timestamp="2025-03-11T19:09:51 IST">
  <testcase classname="Testcasespackages.Logintest" name="testLogin" time="5.559"/>
  <testcase classname="Testcasespackages.Logintest" name="testLogin" time="3.49"/>
  <testcase classname="Testcasespackages.Logintest" name="testLogin" time="4.368"/>
</testsuite> <!-- FirefoxTest -->
