<?xml version="1.0" encoding="UTF-8"?>
<!-- Generated by org.testng.reporters.JUnitXMLReporter -->
<testsuite ignored="0" hostname="DESKTOP-GGO5QL1" failures="0" tests="3" name="FirefoxTest" time="84.238" errors="0" timestamp="2025-03-09T13:02:42 IST">
  <testcase classname="Testcasespackages.Logintest" name="testLogin" time="6.012"/>
  <testcase classname="Testcasespackages.Logintest" name="testLogin" time="3.528"/>
  <testcase classname="Testcasespackages.Logintest" name="testLogin" time="2.934"/>
</testsuite> <!-- FirefoxTest -->
